# JRE version: OpenJDK Runtime Environment Temurin-21.0.10+7 (21.0.10+7) (build 21.0.10+7-LTS)
# Java VM: OpenJDK 64-Bit Server VM Temurin-21.0.10+7 (21.0.10+7-LTS, mixed mode, sharing, tiered, compressed oops, compressed class ptrs, parallel gc, windows-amd64)
GC Precious Log:
 CardTable entry size: 512
 CPUs: 8 total, 8 available
 Memory: 8025M
 Large Page Support: Disabled
 NUMA Support: Disabled
 Compressed Oops: Enabled (32-bit)
 Alignments: Space 512K, Generation 512K, Heap 2M
 Heap Min Capacity: 100M
 Heap Initial Capacity: 100M
 Heap Max Capacity: 2G
 Pre-touch: Disabled
 Parallel Workers: 8
Heap:
 PSYoungGen      total 7168K, used 6871K [0x00000000d5580000, 0x00000000d6480000, 0x0000000100000000)
  eden space 4096K, 92% used [0x00000000d5580000,0x00000000d59366f8,0x00000000d5980000)
  from space 3072K, 99% used [0x00000000d5980000,0x00000000d5c7f550,0x00000000d5c80000)
  to   space 5632K, 0% used [0x00000000d5f00000,0x00000000d5f00000,0x00000000d6480000)
 ParOldGen       total 879104K, used 878636K [0x0000000080000000, 0x00000000b5a80000, 0x00000000d5580000)
  object space 879104K, 99% used [0x0000000080000000,0x00000000b5a0b028,0x00000000b5a80000)
 Metaspace       used 109906K, committed 112000K, reserved 1179648K
  class space    used 13937K, committed 14912K, reserved 1048576K
GC Heap History (20 events):
Event: 33729.882 GC heap before
{Heap before GC invocations=5108 (full 5):
 PSYoungGen      total 7680K, used 7264K [0x00000000d5580000, 0x00000000d6080000, 0x0000000100000000)
  eden space 4096K, 100% used [0x00000000d5580000,0x00000000d5980000,0x00000000d5980000)
  from space 3584K, 88% used [0x00000000d5980000,0x00000000d5c98000,0x00000000d5d00000)
  to   space 3584K, 0% used [0x00000000d5d00000,0x00000000d5d00000,0x00000000d6080000)
 ParOldGen       total 861184K, used 860684K [0x0000000080000000, 0x00000000b4900000, 0x00000000d5580000)
  object space 861184K, 99% used [0x0000000080000000,0x00000000b4883028,0x00000000b4900000)
 Metaspace       used 109865K, committed 112000K, reserved 1179648K
  class space    used 13937K, committed 14912K, reserved 1048576K
}
Event: 33729.891 GC heap after
{Heap after GC invocations=5108 (full 5):
 PSYoungGen      total 4096K, used 3584K [0x00000000d5580000, 0x00000000d6a80000, 0x0000000100000000)
  eden space 512K, 0% used [0x00000000d5580000,0x00000000d5580000,0x00000000d5600000)
  from space 3584K, 100% used [0x00000000d5d00000,0x00000000d6080000,0x00000000d6080000)
  to   space 7168K, 0% used [0x00000000d5600000,0x00000000d5600000,0x00000000d5d00000)
 ParOldGen       total 864768K, used 864276K [0x0000000080000000, 0x00000000b4c80000, 0x00000000d5580000)
  object space 864768K, 99% used [0x0000000080000000,0x00000000b4c05028,0x00000000b4c80000)
 Metaspace       used 109865K, committed 112000K, reserved 1179648K
  class space    used 13937K, committed 14912K, reserved 1048576K
}
Event: 33729.896 GC heap before
{Heap before GC invocations=5109 (full 5):
 PSYoungGen      total 4096K, used 4096K [0x00000000d5580000, 0x00000000d6a80000, 0x0000000100000000)
  eden space 512K, 100% used [0x00000000d5580000,0x00000000d5600000,0x00000000d5600000)
  from space 3584K, 100% used [0x00000000d5d00000,0x00000000d6080000,0x00000000d6080000)
  to   space 7168K, 0% used [0x00000000d5600000,0x00000000d5600000,0x00000000d5d00000)
 ParOldGen       total 864768K, used 864276K [0x0000000080000000, 0x00000000b4c80000, 0x00000000d5580000)
  object space 864768K, 99% used [0x0000000080000000,0x00000000b4c05028,0x00000000b4c80000)
 Metaspace       used 109865K, committed 112000K, reserved 1179648K
  class space    used 13937K, committed 14912K, reserved 1048576K
}
Event: 33729.902 GC heap after
{Heap after GC invocations=5109 (full 5):
 PSYoungGen      total 1536K, used 640K [0x00000000d5580000, 0x00000000d5d80000, 0x0000000100000000)
  eden space 512K, 0% used [0x00000000d5580000,0x00000000d5580000,0x00000000d5600000)
  from space 1024K, 62% used [0x00000000d5600000,0x00000000d56a0000,0x00000000d5700000)
  to   space 3072K, 0% used [0x00000000d5a80000,0x00000000d5a80000,0x00000000d5d80000)
 ParOldGen       total 868352K, used 867924K [0x0000000080000000, 0x00000000b5000000, 0x00000000d5580000)
  object space 868352K, 99% used [0x0000000080000000,0x00000000b4f95028,0x00000000b5000000)
 Metaspace       used 109865K, committed 112000K, reserved 1179648K
  class space    used 13937K, committed 14912K, reserved 1048576K
}
Event: 33729.905 GC heap before
{Heap before GC invocations=5110 (full 5):
 PSYoungGen      total 1536K, used 1152K [0x00000000d5580000, 0x00000000d5d80000, 0x0000000100000000)
  eden space 512K, 100% used [0x00000000d5580000,0x00000000d5600000,0x00000000d5600000)
  from space 1024K, 62% used [0x00000000d5600000,0x00000000d56a0000,0x00000000d5700000)
  to   space 3072K, 0% used [0x00000000d5a80000,0x00000000d5a80000,0x00000000d5d80000)
 ParOldGen       total 868352K, used 867924K [0x0000000080000000, 0x00000000b5000000, 0x00000000d5580000)
  object space 868352K, 99% used [0x0000000080000000,0x00000000b4f95028,0x00000000b5000000)
 Metaspace       used 109865K, committed 112000K, reserved 1179648K
  class space    used 13937K, committed 14912K, reserved 1048576K
}
Event: 33729.909 GC heap after
{Heap after GC invocations=5110 (full 5):
 PSYoungGen      total 2048K, used 608K [0x00000000d5580000, 0x00000000d5b80000, 0x0000000100000000)
  eden space 1024K, 0% used [0x00000000d5580000,0x00000000d5580000,0x00000000d5680000)
  from space 1024K, 59% used [0x00000000d5a80000,0x00000000d5b18000,0x00000000d5b80000)
  to   space 1024K, 0% used [0x00000000d5980000,0x00000000d5980000,0x00000000d5a80000)
 ParOldGen       total 868864K, used 868452K [0x0000000080000000, 0x00000000b5080000, 0x00000000d5580000)
  object space 868864K, 99% used [0x0000000080000000,0x00000000b5019028,0x00000000b5080000)
 Metaspace       used 109865K, committed 112000K, reserved 1179648K
  class space    used 13937K, committed 14912K, reserved 1048576K
}
Event: 33729.914 GC heap before
{Heap before GC invocations=5111 (full 5):
 PSYoungGen      total 2048K, used 1632K [0x00000000d5580000, 0x00000000d5b80000, 0x0000000100000000)
  eden space 1024K, 100% used [0x00000000d5580000,0x00000000d5680000,0x00000000d5680000)
  from space 1024K, 59% used [0x00000000d5a80000,0x00000000d5b18000,0x00000000d5b80000)
  to   space 1024K, 0% used [0x00000000d5980000,0x00000000d5980000,0x00000000d5a80000)
 ParOldGen       total 868864K, used 868452K [0x0000000080000000, 0x00000000b5080000, 0x00000000d5580000)
  object space 868864K, 99% used [0x0000000080000000,0x00000000b5019028,0x00000000b5080000)
 Metaspace       used 109865K, committed 112000K, reserved 1179648K
  class space    used 13937K, committed 14912K, reserved 1048576K
}
Event: 33729.918 GC heap after
{Heap after GC invocations=5111 (full 5):
 PSYoungGen      total 2560K, used 1024K [0x00000000d5580000, 0x00000000d5b00000, 0x0000000100000000)
  eden space 1536K, 0% used [0x00000000d5580000,0x00000000d5580000,0x00000000d5700000)
  from space 1024K, 100% used [0x00000000d5980000,0x00000000d5a80000,0x00000000d5a80000)
  to   space 512K, 0% used [0x00000000d5a80000,0x00000000d5a80000,0x00000000d5b00000)
 ParOldGen       total 869376K, used 868988K [0x0000000080000000, 0x00000000b5100000, 0x00000000d5580000)
  object space 869376K, 99% used [0x0000000080000000,0x00000000b509f028,0x00000000b5100000)
 Metaspace       used 109865K, committed 112000K, reserved 1179648K
  class space    used 13937K, committed 14912K, reserved 1048576K
}
Event: 33729.928 GC heap before
{Heap before GC invocations=5112 (full 5):
 PSYoungGen      total 2560K, used 2560K [0x00000000d5580000, 0x00000000d5b00000, 0x0000000100000000)
  eden space 1536K, 100% used [0x00000000d5580000,0x00000000d5700000,0x00000000d5700000)
  from space 1024K, 100% used [0x00000000d5980000,0x00000000d5a80000,0x00000000d5a80000)
  to   space 512K, 0% used [0x00000000d5a80000,0x00000000d5a80000,0x00000000d5b00000)
 ParOldGen       total 869376K, used 868988K [0x0000000080000000, 0x00000000b5100000, 0x00000000d5580000)
  object space 869376K, 99% used [0x0000000080000000,0x00000000b509f028,0x00000000b5100000)
 Metaspace       used 109865K, committed 112000K, reserved 1179648K
  class space    used 13937K, committed 14912K, reserved 1048576K
}
Event: 33729.932 GC heap after
{Heap after GC invocations=5112 (full 5):
 PSYoungGen      total 2560K, used 512K [0x00000000d5580000, 0x00000000d5d80000, 0x0000000100000000)
  eden space 2048K, 0% used [0x00000000d5580000,0x00000000d5580000,0x00000000d5780000)
  from space 512K, 100% used [0x00000000d5a80000,0x00000000d5b00000,0x00000000d5b00000)
  to   space 3072K, 0% used [0x00000000d5780000,0x00000000d5780000,0x00000000d5a80000)
 ParOldGen       total 871424K, used 870988K [0x0000000080000000, 0x00000000b5300000, 0x00000000d5580000)
  object space 871424K, 99% used [0x0000000080000000,0x00000000b5293028,0x00000000b5300000)
 Metaspace       used 109865K, committed 112000K, reserved 1179648K
  class space    used 13937K, committed 14912K, reserved 1048576K
}
Event: 33729.945 GC heap before
{Heap before GC invocations=5113 (full 5):
 PSYoungGen      total 2560K, used 2560K [0x00000000d5580000, 0x00000000d5d80000, 0x0000000100000000)
  eden space 2048K, 100% used [0x00000000d5580000,0x00000000d5780000,0x00000000d5780000)
  from space 512K, 100% used [0x00000000d5a80000,0x00000000d5b00000,0x00000000d5b00000)
  to   space 3072K, 0% used [0x00000000d5780000,0x00000000d5780000,0x00000000d5a80000)
 ParOldGen       total 871424K, used 870988K [0x0000000080000000, 0x00000000b5300000, 0x00000000d5580000)
  object space 871424K, 99% used [0x0000000080000000,0x00000000b5293028,0x00000000b5300000)
 Metaspace       used 109865K, committed 112000K, reserved 1179648K
  class space    used 13937K, committed 14912K, reserved 1048576K
}
Event: 33729.949 GC heap after
{Heap after GC invocations=5113 (full 5):
 PSYoungGen      total 5120K, used 2144K [0x00000000d5580000, 0x00000000d5d00000, 0x0000000100000000)
  eden space 2048K, 0% used [0x00000000d5580000,0x00000000d5580000,0x00000000d5780000)
  from space 3072K, 69% used [0x00000000d5780000,0x00000000d5998000,0x00000000d5a80000)
  to   space 2560K, 0% used [0x00000000d5a80000,0x00000000d5a80000,0x00000000d5d00000)
 ParOldGen       total 871936K, used 871540K [0x0000000080000000, 0x00000000b5380000, 0x00000000d5580000)
  object space 871936K, 99% used [0x0000000080000000,0x00000000b531d028,0x00000000b5380000)
 Metaspace       used 109865K, committed 112000K, reserved 1179648K
  class space    used 13937K, committed 14912K, reserved 1048576K
}
Event: 33729.962 GC heap before
{Heap before GC invocations=5114 (full 5):
 PSYoungGen      total 5120K, used 4126K [0x00000000d5580000, 0x00000000d5d00000, 0x0000000100000000)
  eden space 2048K, 96% used [0x00000000d5580000,0x00000000d576f840,0x00000000d5780000)
  from space 3072K, 69% used [0x00000000d5780000,0x00000000d5998000,0x00000000d5a80000)
  to   space 2560K, 0% used [0x00000000d5a80000,0x00000000d5a80000,0x00000000d5d00000)
 ParOldGen       total 871936K, used 871540K [0x0000000080000000, 0x00000000b5380000, 0x00000000d5580000)
  object space 871936K, 99% used [0x0000000080000000,0x00000000b531d028,0x00000000b5380000)
 Metaspace       used 109865K, committed 112000K, reserved 1179648K
  class space    used 13937K, committed 14912K, reserved 1048576K
}
Event: 33729.967 GC heap after
{Heap after GC invocations=5114 (full 5):
 PSYoungGen      total 4608K, used 1936K [0x00000000d5580000, 0x00000000d5c80000, 0x0000000100000000)
  eden space 2560K, 0% used [0x00000000d5580000,0x00000000d5580000,0x00000000d5800000)
  from space 2048K, 94% used [0x00000000d5a80000,0x00000000d5c64000,0x00000000d5c80000)
  to   space 2048K, 0% used [0x00000000d5880000,0x00000000d5880000,0x00000000d5a80000)
 ParOldGen       total 873984K, used 873596K [0x0000000080000000, 0x00000000b5580000, 0x00000000d5580000)
  object space 873984K, 99% used [0x0000000080000000,0x00000000b551f028,0x00000000b5580000)
 Metaspace       used 109865K, committed 112000K, reserved 1179648K
  class space    used 13937K, committed 14912K, reserved 1048576K
}
Event: 33730.008 GC heap before
{Heap before GC invocations=5115 (full 5):
 PSYoungGen      total 4608K, used 4344K [0x00000000d5580000, 0x00000000d5c80000, 0x0000000100000000)
  eden space 2560K, 94% used [0x00000000d5580000,0x00000000d57da0d0,0x00000000d5800000)
  from space 2048K, 94% used [0x00000000d5a80000,0x00000000d5c64000,0x00000000d5c80000)
  to   space 2048K, 0% used [0x00000000d5880000,0x00000000d5880000,0x00000000d5a80000)
 ParOldGen       total 873984K, used 873596K [0x0000000080000000, 0x00000000b5580000, 0x00000000d5580000)
  object space 873984K, 99% used [0x0000000080000000,0x00000000b551f028,0x00000000b5580000)
 Metaspace       used 109865K, committed 112000K, reserved 1179648K
  class space    used 13937K, committed 14912K, reserved 1048576K
}
Event: 33730.013 GC heap after
{Heap after GC invocations=5115 (full 5):
 PSYoungGen      total 5120K, used 2048K [0x00000000d5580000, 0x00000000d6080000, 0x0000000100000000)
  eden space 3072K, 0% used [0x00000000d5580000,0x00000000d5580000,0x00000000d5880000)
  from space 2048K, 100% used [0x00000000d5880000,0x00000000d5a80000,0x00000000d5a80000)
  to   space 4096K, 0% used [0x00000000d5c80000,0x00000000d5c80000,0x00000000d6080000)
 ParOldGen       total 875520K, used 875268K [0x0000000080000000, 0x00000000b5700000, 0x00000000d5580000)
  object space 875520K, 99% used [0x0000000080000000,0x00000000b56c1028,0x00000000b5700000)
 Metaspace       used 109865K, committed 112000K, reserved 1179648K
  class space    used 13937K, committed 14912K, reserved 1048576K
}
Event: 33730.247 GC heap before
{Heap before GC invocations=5116 (full 5):
 PSYoungGen      total 5120K, used 3918K [0x00000000d5580000, 0x00000000d6080000, 0x0000000100000000)
  eden space 3072K, 60% used [0x00000000d5580000,0x00000000d5753b10,0x00000000d5880000)
  from space 2048K, 100% used [0x00000000d5880000,0x00000000d5a80000,0x00000000d5a80000)
  to   space 4096K, 0% used [0x00000000d5c80000,0x00000000d5c80000,0x00000000d6080000)
 ParOldGen       total 875520K, used 875268K [0x0000000080000000, 0x00000000b5700000, 0x00000000d5580000)
  object space 875520K, 99% used [0x0000000080000000,0x00000000b56c1028,0x00000000b5700000)
 Metaspace       used 109865K, committed 112000K, reserved 1179648K
  class space    used 13937K, committed 14912K, reserved 1048576K
}
Event: 33730.253 GC heap after
{Heap after GC invocations=5116 (full 5):
 PSYoungGen      total 7168K, used 1984K [0x00000000d5580000, 0x00000000d5f80000, 0x0000000100000000)
  eden space 4096K, 0% used [0x00000000d5580000,0x00000000d5580000,0x00000000d5980000)
  from space 3072K, 64% used [0x00000000d5c80000,0x00000000d5e70000,0x00000000d5f80000)
  to   space 3072K, 0% used [0x00000000d5980000,0x00000000d5980000,0x00000000d5c80000)
 ParOldGen       total 877056K, used 876668K [0x0000000080000000, 0x00000000b5880000, 0x00000000d5580000)
  object space 877056K, 99% used [0x0000000080000000,0x00000000b581f028,0x00000000b5880000)
 Metaspace       used 109865K, committed 112000K, reserved 1179648K
  class space    used 13937K, committed 14912K, reserved 1048576K
}
Event: 33730.852 GC heap before
{Heap before GC invocations=5117 (full 5):
 PSYoungGen      total 7168K, used 6080K [0x00000000d5580000, 0x00000000d5f80000, 0x0000000100000000)
  eden space 4096K, 100% used [0x00000000d5580000,0x00000000d5980000,0x00000000d5980000)
  from space 3072K, 64% used [0x00000000d5c80000,0x00000000d5e70000,0x00000000d5f80000)
  to   space 3072K, 0% used [0x00000000d5980000,0x00000000d5980000,0x00000000d5c80000)
 ParOldGen       total 877056K, used 876668K [0x0000000080000000, 0x00000000b5880000, 0x00000000d5580000)
  object space 877056K, 99% used [0x0000000080000000,0x00000000b581f028,0x00000000b5880000)
 Metaspace       used 109883K, committed 112000K, reserved 1179648K
  class space    used 13937K, committed 14912K, reserved 1048576K
}
Event: 33730.861 GC heap after
{Heap after GC invocations=5117 (full 5):
 PSYoungGen      total 7168K, used 3069K [0x00000000d5580000, 0x00000000d6480000, 0x0000000100000000)
  eden space 4096K, 0% used [0x00000000d5580000,0x00000000d5580000,0x00000000d5980000)
  from space 3072K, 99% used [0x00000000d5980000,0x00000000d5c7f550,0x00000000d5c80000)
  to   space 5632K, 0% used [0x00000000d5f00000,0x00000000d5f00000,0x00000000d6480000)
 ParOldGen       total 879104K, used 878636K [0x0000000080000000, 0x00000000b5a80000, 0x00000000d5580000)
  object space 879104K, 99% used [0x0000000080000000,0x00000000b5a0b028,0x00000000b5a80000)
 Metaspace       used 109883K, committed 112000K, reserved 1179648K
  class space    used 13937K, committed 14912K, reserved 1048576K
}

